\BOOKMARK [-1][-]{part.1}{1 Generalidades}{}% 1
\BOOKMARK [0][-]{chapter.1}{Aspectos Generales}{part.1}% 2
\BOOKMARK [1][-]{section.1.1}{Problema de Investigaci\363n}{chapter.1}% 3
\BOOKMARK [2][-]{subsection.1.1.1}{Descripci\363n del Problema}{section.1.1}% 4
\BOOKMARK [2][-]{subsection.1.1.2}{Formulaci\363n del Problema}{section.1.1}% 5
\BOOKMARK [1][-]{section.1.2}{Antecedentes}{chapter.1}% 6
\BOOKMARK [1][-]{section.1.3}{Justificaci\363n}{chapter.1}% 7
\BOOKMARK [1][-]{section.1.4}{Objetivos}{chapter.1}% 8
\BOOKMARK [2][-]{subsection.1.4.1}{Objetivo General}{section.1.4}% 9
\BOOKMARK [2][-]{subsection.1.4.2}{Objetivos Espec\355ficos}{section.1.4}% 10
\BOOKMARK [1][-]{section.1.5}{Evaluaci\363n}{chapter.1}% 11
\BOOKMARK [1][-]{section.1.6}{Alcances y Limitaciones}{chapter.1}% 12
\BOOKMARK [1][-]{section.1.7}{Metodolog\355a}{chapter.1}% 13
\BOOKMARK [1][-]{section.1.8}{Contribuciones}{chapter.1}% 14
\BOOKMARK [1][-]{section.1.9}{Cronograma de Actividades}{chapter.1}% 15
\BOOKMARK [-1][-]{part.2}{2 Marco Te\363rico}{}% 16
\BOOKMARK [0][-]{chapter.1}{Procesamiento de Im\341genes}{part.2}% 17
\BOOKMARK [0][-]{chapter.2}{Machine Learning}{part.2}% 18
\BOOKMARK [0][-]{chapter.3}{Detecci\363n de Rostros}{part.2}% 19
\BOOKMARK [0][-]{chapter.4}{Histogram of Oriented Gradient}{part.2}% 20
\BOOKMARK [0][-]{chapter.5}{Bag of Words \(BoW\)}{part.2}% 21
\BOOKMARK [-1][-]{part.3}{3 Desarrollo del Proyecto}{}% 22
\BOOKMARK [0][-]{chapter.1}{Cusco Typical Dances Dataset}{part.3}% 23
\BOOKMARK [0][-]{chapter.2}{Fases del Desarrollo del Proyecto}{part.3}% 24
\BOOKMARK [1][-]{section.2.1}{Descripci\363n de las fases}{chapter.2}% 25
\BOOKMARK [1][-]{section.2.2}{Detecci\363n de Danzantes}{chapter.2}% 26
\BOOKMARK [1][-]{section.2.3}{Clasificaci\363n de Danzantes}{chapter.2}% 27
\BOOKMARK [0][-]{chapter.3}{Resultados}{part.3}% 28
\BOOKMARK [1][-]{section.3.1}{Operacionalizaci\363n de Variables}{chapter.3}% 29
\BOOKMARK [2][-]{subsection.3.1.1}{Variables Independientes}{section.3.1}% 30
\BOOKMARK [2][-]{subsection.3.1.2}{Variables Dependientes}{section.3.1}% 31
\BOOKMARK [1][-]{section.3.2}{Resultado experimentales}{chapter.3}% 32
\BOOKMARK [1][-]{section.3.3}{Contraste de Hip\363tesis}{chapter.3}% 33
\BOOKMARK [1][-]{section.3.4}{Detalles T\351cnicos}{chapter.3}% 34
\BOOKMARK [2][-]{subsection.3.4.1}{Hardware}{section.3.4}% 35
\BOOKMARK [2][-]{subsection.3.4.2}{Software}{section.3.4}% 36
\BOOKMARK [0][-]{chapter*.8}{Conclusiones}{part.3}% 37
\BOOKMARK [0][-]{chapter*.9}{Recomendaciones}{part.3}% 38
\BOOKMARK [0][-]{Item.6}{Bibliograf\355a}{part.3}% 39
