\BOOKMARK [0][-]{chapter.1}{Antecedentes}{}% 1
\BOOKMARK [1][-]{section.1.1}{Cultural Event Recognition}{chapter.1}% 2
\BOOKMARK [1][-]{section.1.2}{Social Event Detection}{chapter.1}% 3
\BOOKMARK [1][-]{section.1.3}{Clasificaci\363n de danzas t\355picas}{chapter.1}% 4
\BOOKMARK [0][-]{chapter.2}{Problema de Investigaci\363n}{}% 5
\BOOKMARK [1][-]{section.2.1}{Descripci\363n del Problema}{chapter.2}% 6
\BOOKMARK [1][-]{section.2.2}{Formulaci\363n del Problema}{chapter.2}% 7
\BOOKMARK [0][-]{chapter.3}{Justificaci\363n}{}% 8
\BOOKMARK [0][-]{chapter.4}{Objetivos}{}% 9
\BOOKMARK [1][-]{section.4.1}{Objetivo General}{chapter.4}% 10
\BOOKMARK [1][-]{section.4.2}{Objetivos Espec\355ficos}{chapter.4}% 11
\BOOKMARK [0][-]{chapter.5}{Hip\363tesis}{}% 12
\BOOKMARK [1][-]{section.5.1}{Variables}{chapter.5}% 13
\BOOKMARK [1][-]{section.5.2}{Evaluaci\363n}{chapter.5}% 14
\BOOKMARK [0][-]{chapter.6}{Alcances y Limitaciones}{}% 15
\BOOKMARK [0][-]{chapter.7}{Esboso de Marco Te\363rico a Desarrollar}{}% 16
\BOOKMARK [1][-]{section.7.1}{Procesamiento de Im\341genes}{chapter.7}% 17
\BOOKMARK [2][-]{subsection.7.1.1}{Colores}{section.7.1}% 18
\BOOKMARK [2][-]{subsection.7.1.2}{Edge Detection}{section.7.1}% 19
\BOOKMARK [0][-]{chapter.8}{Metodolog\355a}{}% 20
\BOOKMARK [0][-]{chapter.9}{Resultados Esperados}{}% 21
\BOOKMARK [0][-]{chapter.10}{Contribuciones Originales Esperadas}{}% 22
\BOOKMARK [0][-]{chapter.11}{Impacto Social Esperado}{}% 23
\BOOKMARK [0][-]{chapter.12}{Indice Tentativo}{}% 24
\BOOKMARK [0][-]{chapter.13}{Cronograma de Actividades}{}% 25
\BOOKMARK [0][-]{chapter.14}{Presupuesto}{}% 26
\BOOKMARK [0][-]{table.14.2}{Bibliograf\355a}{}% 27
